=== Network Port Monitor Started at Tue Apr 15 11:57:44 UTC 2025 ===
Target: web-server
Interval: 30 seconds
===========================================================
Starting continuous port monitoring. Press Ctrl+C to stop.

=== Monitoring Iteration 1 at Tue Apr 15 11:57:44 UTC 2025 ===
Checking for connections on unusual ports...
Current established connections:

Connections to unusual ports:

Checking for potential port scan activity...
Top 5 sources of SYN packets:


Monitoring critical service ports...
Active FTP connections: 0
Active HTTP connections: 0
Active SSH connections: 0

Sleeping for 30 seconds...
===========================================================

=== Monitoring Iteration 2 at Tue Apr 15 11:58:14 UTC 2025 ===
Checking for connections on unusual ports...
Current established connections:

Connections to unusual ports:

Checking for potential port scan activity...
Top 5 sources of SYN packets:


Monitoring critical service ports...
Active FTP connections: 0
Active HTTP connections: 0
Active SSH connections: 0

Sleeping for 30 seconds...
===========================================================

=== Monitoring Iteration 3 at Tue Apr 15 11:58:44 UTC 2025 ===
Checking for connections on unusual ports...
Current established connections:

Connections to unusual ports:

Checking for potential port scan activity...
Top 5 sources of SYN packets:


Monitoring critical service ports...
Active FTP connections: 0
Active HTTP connections: 0
Active SSH connections: 0

Sleeping for 30 seconds...
===========================================================

=== Monitoring Iteration 4 at Tue Apr 15 11:59:14 UTC 2025 ===
Checking for connections on unusual ports...
Current established connections:

Connections to unusual ports:

Checking for potential port scan activity...
Top 5 sources of SYN packets:


Monitoring critical service ports...
Active FTP connections: 0
Active HTTP connections: 0
Active SSH connections: 0

Sleeping for 30 seconds...
===========================================================

=== Monitoring Iteration 5 at Tue Apr 15 11:59:44 UTC 2025 ===
Checking for connections on unusual ports...
Current established connections:

Connections to unusual ports:

Scanning web-server for open ports...

Open ports on web-server:


Checking for potential port scan activity...
Top 5 sources of SYN packets:


Monitoring critical service ports...
Active FTP connections: 0
Active HTTP connections: 0
Active SSH connections: 0

Sleeping for 30 seconds...
===========================================================

=== Monitoring Iteration 6 at Tue Apr 15 12:00:14 UTC 2025 ===
Checking for connections on unusual ports...
Current established connections:

Connections to unusual ports:

Checking for potential port scan activity...
Top 5 sources of SYN packets:


Monitoring critical service ports...
Active FTP connections: 0
Active HTTP connections: 0
Active SSH connections: 0

Sleeping for 30 seconds...
===========================================================

=== Monitoring Iteration 7 at Tue Apr 15 12:00:44 UTC 2025 ===
Checking for connections on unusual ports...
Current established connections:

Connections to unusual ports:

Checking for potential port scan activity...
Top 5 sources of SYN packets:


Monitoring critical service ports...
Active FTP connections: 0
Active HTTP connections: 0
Active SSH connections: 0

Sleeping for 30 seconds...
===========================================================

=== Monitoring Iteration 8 at Tue Apr 15 12:01:14 UTC 2025 ===
Checking for connections on unusual ports...
Current established connections:

Connections to unusual ports:

Checking for potential port scan activity...
Top 5 sources of SYN packets:


Monitoring critical service ports...
Active FTP connections: 0
Active HTTP connections: 0
Active SSH connections: 0

Sleeping for 30 seconds...
===========================================================

=== Monitoring Iteration 9 at Tue Apr 15 12:01:45 UTC 2025 ===
Checking for connections on unusual ports...
Current established connections:

Connections to unusual ports:

Checking for potential port scan activity...
Top 5 sources of SYN packets:


Monitoring critical service ports...
Active FTP connections: 0
Active HTTP connections: 0
Active SSH connections: 0

Sleeping for 30 seconds...
===========================================================

=== Monitoring Iteration 10 at Tue Apr 15 12:02:15 UTC 2025 ===
Checking for connections on unusual ports...
Current established connections:

Connections to unusual ports:

Scanning web-server for open ports...

Open ports on web-server:


Checking for potential port scan activity...
Top 5 sources of SYN packets:


Monitoring critical service ports...
Active FTP connections: 0
Active HTTP connections: 0
Active SSH connections: 0

Sleeping for 30 seconds...
===========================================================

=== Monitoring Iteration 11 at Tue Apr 15 12:02:45 UTC 2025 ===
Checking for connections on unusual ports...
Current established connections:

Connections to unusual ports:

Checking for potential port scan activity...
Top 5 sources of SYN packets:


Monitoring critical service ports...
Active FTP connections: 0
Active HTTP connections: 0
Active SSH connections: 0

Sleeping for 30 seconds...
===========================================================

=== Monitoring Iteration 12 at Tue Apr 15 12:03:15 UTC 2025 ===
Checking for connections on unusual ports...
Current established connections:

Connections to unusual ports:

Checking for potential port scan activity...
Top 5 sources of SYN packets:


Monitoring critical service ports...
Active FTP connections: 0
Active HTTP connections: 0
Active SSH connections: 0

Sleeping for 30 seconds...
===========================================================

=== Monitoring Iteration 13 at Tue Apr 15 12:03:45 UTC 2025 ===
Checking for connections on unusual ports...
Current established connections:

Connections to unusual ports:

Checking for potential port scan activity...
Top 5 sources of SYN packets:


Monitoring critical service ports...
Active FTP connections: 0
Active HTTP connections: 0
Active SSH connections: 0

Sleeping for 30 seconds...
===========================================================

=== Monitoring Iteration 14 at Tue Apr 15 12:04:15 UTC 2025 ===
Checking for connections on unusual ports...
Current established connections:

Connections to unusual ports:

Checking for potential port scan activity...
Top 5 sources of SYN packets:


Monitoring critical service ports...
Active FTP connections: 0
Active HTTP connections: 0
Active SSH connections: 0

Sleeping for 30 seconds...
===========================================================

=== Monitoring Iteration 15 at Tue Apr 15 12:04:45 UTC 2025 ===
Checking for connections on unusual ports...
Current established connections:

Connections to unusual ports:

Scanning web-server for open ports...

Open ports on web-server:


Checking for potential port scan activity...
Top 5 sources of SYN packets:


Monitoring critical service ports...
Active FTP connections: 0
Active HTTP connections: 0
Active SSH connections: 0

Sleeping for 30 seconds...
===========================================================

=== Monitoring Iteration 16 at Tue Apr 15 12:05:15 UTC 2025 ===
Checking for connections on unusual ports...
Current established connections:

Connections to unusual ports:

Checking for potential port scan activity...
Top 5 sources of SYN packets:


Monitoring critical service ports...
Active FTP connections: 0
Active HTTP connections: 0
Active SSH connections: 0

Sleeping for 30 seconds...
===========================================================

=== Monitoring Iteration 17 at Tue Apr 15 12:05:45 UTC 2025 ===
Checking for connections on unusual ports...
Current established connections:

Connections to unusual ports:

Checking for potential port scan activity...
Top 5 sources of SYN packets:


Monitoring critical service ports...
Active FTP connections: 0
Active HTTP connections: 0
Active SSH connections: 0

Sleeping for 30 seconds...
===========================================================

=== Monitoring Iteration 18 at Tue Apr 15 12:06:15 UTC 2025 ===
Checking for connections on unusual ports...
Current established connections:

Connections to unusual ports:

Checking for potential port scan activity...
Top 5 sources of SYN packets:


Monitoring critical service ports...
Active FTP connections: 0
Active HTTP connections: 0
Active SSH connections: 0

Sleeping for 30 seconds...
===========================================================

=== Monitoring Iteration 19 at Tue Apr 15 12:06:45 UTC 2025 ===
Checking for connections on unusual ports...
Current established connections:

Connections to unusual ports:

Checking for potential port scan activity...
Top 5 sources of SYN packets:


Monitoring critical service ports...
Active FTP connections: 0
Active HTTP connections: 0
Active SSH connections: 0

Sleeping for 30 seconds...
===========================================================

=== Monitoring Iteration 20 at Tue Apr 15 12:07:15 UTC 2025 ===
Checking for connections on unusual ports...
Current established connections:

Connections to unusual ports:

Scanning web-server for open ports...

Open ports on web-server:


Checking for potential port scan activity...
Top 5 sources of SYN packets:


Monitoring critical service ports...
Active FTP connections: 0
Active HTTP connections: 0
Active SSH connections: 0

Sleeping for 30 seconds...
===========================================================

=== Monitoring Iteration 21 at Tue Apr 15 12:07:45 UTC 2025 ===
Checking for connections on unusual ports...
Current established connections:

Connections to unusual ports:

Checking for potential port scan activity...
Top 5 sources of SYN packets:


Monitoring critical service ports...
Active FTP connections: 0
Active HTTP connections: 0
Active SSH connections: 0

Sleeping for 30 seconds...
===========================================================

=== Monitoring Iteration 22 at Tue Apr 15 12:08:16 UTC 2025 ===
Checking for connections on unusual ports...
Current established connections:

Connections to unusual ports:

Checking for potential port scan activity...
Top 5 sources of SYN packets:


Monitoring critical service ports...
Active FTP connections: 0
Active HTTP connections: 0
Active SSH connections: 0

Sleeping for 30 seconds...
===========================================================

=== Monitoring Iteration 23 at Tue Apr 15 12:08:46 UTC 2025 ===
Checking for connections on unusual ports...
Current established connections:

Connections to unusual ports:

Checking for potential port scan activity...
Top 5 sources of SYN packets:


Monitoring critical service ports...
Active FTP connections: 0
Active HTTP connections: 0
Active SSH connections: 0

Sleeping for 30 seconds...
===========================================================

=== Monitoring Iteration 24 at Tue Apr 15 12:09:16 UTC 2025 ===
Checking for connections on unusual ports...
Current established connections:

Connections to unusual ports:

Checking for potential port scan activity...
Top 5 sources of SYN packets:


Monitoring critical service ports...
Active FTP connections: 0
Active HTTP connections: 0
Active SSH connections: 0

Sleeping for 30 seconds...
===========================================================

=== Monitoring Iteration 25 at Tue Apr 15 12:09:46 UTC 2025 ===
Checking for connections on unusual ports...
Current established connections:

Connections to unusual ports:

Scanning web-server for open ports...

Open ports on web-server:


Checking for potential port scan activity...
Top 5 sources of SYN packets:


Monitoring critical service ports...
Active FTP connections: 0
Active HTTP connections: 0
Active SSH connections: 0

Sleeping for 30 seconds...
===========================================================

=== Monitoring Iteration 26 at Tue Apr 15 12:10:16 UTC 2025 ===
Checking for connections on unusual ports...
Current established connections:

Connections to unusual ports:

Checking for potential port scan activity...
Top 5 sources of SYN packets:


Monitoring critical service ports...
Active FTP connections: 0
Active HTTP connections: 0
Active SSH connections: 0

Sleeping for 30 seconds...
===========================================================

=== Monitoring Iteration 27 at Tue Apr 15 12:10:46 UTC 2025 ===
Checking for connections on unusual ports...
Current established connections:

Connections to unusual ports:

Checking for potential port scan activity...
Top 5 sources of SYN packets:


Monitoring critical service ports...
Active FTP connections: 0
Active HTTP connections: 0
Active SSH connections: 0

Sleeping for 30 seconds...
===========================================================

=== Monitoring Iteration 28 at Tue Apr 15 12:11:16 UTC 2025 ===
Checking for connections on unusual ports...
Current established connections:

Connections to unusual ports:

Checking for potential port scan activity...
Top 5 sources of SYN packets:


Monitoring critical service ports...
Active FTP connections: 0
Active HTTP connections: 0
Active SSH connections: 0

Sleeping for 30 seconds...
===========================================================

=== Monitoring Iteration 29 at Tue Apr 15 12:11:46 UTC 2025 ===
Checking for connections on unusual ports...
Current established connections:

Connections to unusual ports:

Checking for potential port scan activity...
Top 5 sources of SYN packets:


Monitoring critical service ports...
Active FTP connections: 0
Active HTTP connections: 0
Active SSH connections: 0

Sleeping for 30 seconds...
===========================================================

=== Monitoring Iteration 30 at Tue Apr 15 12:12:16 UTC 2025 ===
Checking for connections on unusual ports...
Current established connections:

Connections to unusual ports:

Scanning web-server for open ports...

Open ports on web-server:


Checking for potential port scan activity...
Top 5 sources of SYN packets:


Monitoring critical service ports...
Active FTP connections: 0
Active HTTP connections: 0
Active SSH connections: 0

Sleeping for 30 seconds...
===========================================================

=== Monitoring Iteration 31 at Tue Apr 15 12:12:46 UTC 2025 ===
Checking for connections on unusual ports...
Current established connections:

Connections to unusual ports:

Checking for potential port scan activity...
Top 5 sources of SYN packets:


Monitoring critical service ports...
Active FTP connections: 0
Active HTTP connections: 0
Active SSH connections: 0

Sleeping for 30 seconds...
===========================================================

=== Monitoring Iteration 32 at Tue Apr 15 12:13:16 UTC 2025 ===
Checking for connections on unusual ports...
Current established connections:

Connections to unusual ports:

Checking for potential port scan activity...
Top 5 sources of SYN packets:


Monitoring critical service ports...
Active FTP connections: 0
Active HTTP connections: 0
Active SSH connections: 0

Sleeping for 30 seconds...
===========================================================

=== Monitoring Iteration 33 at Tue Apr 15 12:13:46 UTC 2025 ===
Checking for connections on unusual ports...
Current established connections:

Connections to unusual ports:

Checking for potential port scan activity...
Top 5 sources of SYN packets:


Monitoring critical service ports...
Active FTP connections: 0
Active HTTP connections: 0
Active SSH connections: 0

Sleeping for 30 seconds...
===========================================================

=== Monitoring Iteration 34 at Tue Apr 15 12:14:17 UTC 2025 ===
Checking for connections on unusual ports...
Current established connections:

Connections to unusual ports:

Checking for potential port scan activity...
Top 5 sources of SYN packets:


Monitoring critical service ports...
Active FTP connections: 0
Active HTTP connections: 0
Active SSH connections: 0

Sleeping for 30 seconds...
===========================================================

=== Monitoring Iteration 35 at Tue Apr 15 12:14:47 UTC 2025 ===
Checking for connections on unusual ports...
Current established connections:

Connections to unusual ports:

Scanning web-server for open ports...

Open ports on web-server:


Checking for potential port scan activity...
Top 5 sources of SYN packets:


Monitoring critical service ports...
Active FTP connections: 0
Active HTTP connections: 0
Active SSH connections: 0

Sleeping for 30 seconds...
===========================================================

=== Monitoring Iteration 36 at Tue Apr 15 12:15:17 UTC 2025 ===
Checking for connections on unusual ports...
Current established connections:

Connections to unusual ports:

Checking for potential port scan activity...
Top 5 sources of SYN packets:


Monitoring critical service ports...
Active FTP connections: 0
Active HTTP connections: 0
Active SSH connections: 0

Sleeping for 30 seconds...
===========================================================

=== Monitoring Iteration 37 at Tue Apr 15 12:15:47 UTC 2025 ===
Checking for connections on unusual ports...
Current established connections:

Connections to unusual ports:

Checking for potential port scan activity...
Top 5 sources of SYN packets:


Monitoring critical service ports...
Active FTP connections: 0
Active HTTP connections: 0
Active SSH connections: 0

Sleeping for 30 seconds...
===========================================================

=== Monitoring Iteration 38 at Tue Apr 15 12:16:17 UTC 2025 ===
Checking for connections on unusual ports...
Current established connections:

Connections to unusual ports:

Checking for potential port scan activity...
Top 5 sources of SYN packets:


Monitoring critical service ports...
Active FTP connections: 0
Active HTTP connections: 0
Active SSH connections: 0

Sleeping for 30 seconds...
===========================================================

=== Monitoring Iteration 39 at Tue Apr 15 12:16:47 UTC 2025 ===
Checking for connections on unusual ports...
Current established connections:

Connections to unusual ports:

Checking for potential port scan activity...
Top 5 sources of SYN packets:


Monitoring critical service ports...
Active FTP connections: 0
Active HTTP connections: 0
Active SSH connections: 0

Sleeping for 30 seconds...
===========================================================

=== Monitoring Iteration 40 at Tue Apr 15 12:17:17 UTC 2025 ===
Checking for connections on unusual ports...
Current established connections:

Connections to unusual ports:

Scanning web-server for open ports...

Open ports on web-server:


Checking for potential port scan activity...
Top 5 sources of SYN packets:


Monitoring critical service ports...
Active FTP connections: 0
Active HTTP connections: 0
Active SSH connections: 0

Sleeping for 30 seconds...
===========================================================

=== Monitoring Iteration 41 at Tue Apr 15 12:17:47 UTC 2025 ===
Checking for connections on unusual ports...
Current established connections:

Connections to unusual ports:

Checking for potential port scan activity...
Top 5 sources of SYN packets:


Monitoring critical service ports...
Active FTP connections: 0
Active HTTP connections: 0
Active SSH connections: 0

Sleeping for 30 seconds...
===========================================================

=== Monitoring Iteration 42 at Tue Apr 15 12:18:17 UTC 2025 ===
Checking for connections on unusual ports...
Current established connections:

Connections to unusual ports:

Checking for potential port scan activity...
Top 5 sources of SYN packets:


Monitoring critical service ports...
Active FTP connections: 0
Active HTTP connections: 0
Active SSH connections: 0

Sleeping for 30 seconds...
===========================================================

=== Monitoring Iteration 43 at Tue Apr 15 12:18:47 UTC 2025 ===
Checking for connections on unusual ports...
Current established connections:

Connections to unusual ports:

Checking for potential port scan activity...
Top 5 sources of SYN packets:


Monitoring critical service ports...
Active FTP connections: 0
Active HTTP connections: 0
Active SSH connections: 0

Sleeping for 30 seconds...
===========================================================

=== Monitoring Iteration 44 at Tue Apr 15 12:19:17 UTC 2025 ===
Checking for connections on unusual ports...
Current established connections:

Connections to unusual ports:

Checking for potential port scan activity...
Top 5 sources of SYN packets:


Monitoring critical service ports...
Active FTP connections: 0
Active HTTP connections: 0
Active SSH connections: 0

Sleeping for 30 seconds...
===========================================================

=== Monitoring Iteration 45 at Tue Apr 15 12:19:47 UTC 2025 ===
Checking for connections on unusual ports...
Current established connections:

Connections to unusual ports:

Scanning web-server for open ports...

Open ports on web-server:


Checking for potential port scan activity...
Top 5 sources of SYN packets:


Monitoring critical service ports...
Active FTP connections: 0
Active HTTP connections: 0
Active SSH connections: 0

Sleeping for 30 seconds...
===========================================================

=== Monitoring Iteration 46 at Tue Apr 15 12:20:17 UTC 2025 ===
Checking for connections on unusual ports...
Current established connections:

Connections to unusual ports:

Checking for potential port scan activity...
Top 5 sources of SYN packets:


Monitoring critical service ports...
Active FTP connections: 0
Active HTTP connections: 0
Active SSH connections: 0

Sleeping for 30 seconds...
===========================================================

=== Monitoring Iteration 47 at Tue Apr 15 12:20:48 UTC 2025 ===
Checking for connections on unusual ports...
Current established connections:

Connections to unusual ports:

Checking for potential port scan activity...
Top 5 sources of SYN packets:


Monitoring critical service ports...
Active FTP connections: 0
Active HTTP connections: 0
Active SSH connections: 0

Sleeping for 30 seconds...
===========================================================

=== Monitoring Iteration 48 at Tue Apr 15 12:21:18 UTC 2025 ===
Checking for connections on unusual ports...
Current established connections:

Connections to unusual ports:

Checking for potential port scan activity...
Top 5 sources of SYN packets:


Monitoring critical service ports...
Active FTP connections: 0
Active HTTP connections: 0
Active SSH connections: 0

Sleeping for 30 seconds...
===========================================================

=== Monitoring Iteration 49 at Tue Apr 15 12:21:48 UTC 2025 ===
Checking for connections on unusual ports...
Current established connections:

Connections to unusual ports:

Checking for potential port scan activity...
Top 5 sources of SYN packets:


Monitoring critical service ports...
Active FTP connections: 0
Active HTTP connections: 0
Active SSH connections: 0

Sleeping for 30 seconds...
===========================================================

=== Monitoring Iteration 50 at Tue Apr 15 12:22:18 UTC 2025 ===
Checking for connections on unusual ports...
Current established connections:

Connections to unusual ports:

Scanning web-server for open ports...

Open ports on web-server:


Checking for potential port scan activity...
Top 5 sources of SYN packets:


Monitoring critical service ports...
Active FTP connections: 0
Active HTTP connections: 0
Active SSH connections: 0

Sleeping for 30 seconds...
===========================================================

=== Monitoring Iteration 51 at Tue Apr 15 12:22:48 UTC 2025 ===
Checking for connections on unusual ports...
Current established connections:

Connections to unusual ports:

Checking for potential port scan activity...
Top 5 sources of SYN packets:


Monitoring critical service ports...
Active FTP connections: 0
Active HTTP connections: 0
Active SSH connections: 0

Sleeping for 30 seconds...
===========================================================

=== Monitoring Iteration 52 at Tue Apr 15 12:23:18 UTC 2025 ===
Checking for connections on unusual ports...
Current established connections:

Connections to unusual ports:

Checking for potential port scan activity...
Top 5 sources of SYN packets:


Monitoring critical service ports...
Active FTP connections: 0
Active HTTP connections: 0
Active SSH connections: 0

Sleeping for 30 seconds...
===========================================================

=== Monitoring Iteration 53 at Tue Apr 15 12:23:49 UTC 2025 ===
Checking for connections on unusual ports...
Current established connections:

Connections to unusual ports:

Checking for potential port scan activity...
Top 5 sources of SYN packets:


Monitoring critical service ports...
Active FTP connections: 0
Active HTTP connections: 0
Active SSH connections: 0

Sleeping for 30 seconds...
===========================================================

=== Monitoring Iteration 54 at Tue Apr 15 12:24:18 UTC 2025 ===
Checking for connections on unusual ports...
Current established connections:

Connections to unusual ports:

Checking for potential port scan activity...
Top 5 sources of SYN packets:


Monitoring critical service ports...
Active FTP connections: 0
Active HTTP connections: 0
Active SSH connections: 0

Sleeping for 30 seconds...
===========================================================

=== Monitoring Iteration 55 at Tue Apr 15 12:24:49 UTC 2025 ===
Checking for connections on unusual ports...
Current established connections:

Connections to unusual ports:

Scanning web-server for open ports...

Open ports on web-server:


Checking for potential port scan activity...
Top 5 sources of SYN packets:


Monitoring critical service ports...
Active FTP connections: 0
Active HTTP connections: 0
Active SSH connections: 0

Sleeping for 30 seconds...
===========================================================

=== Monitoring Iteration 56 at Tue Apr 15 12:25:19 UTC 2025 ===
Checking for connections on unusual ports...
Current established connections:

Connections to unusual ports:

Checking for potential port scan activity...
Top 5 sources of SYN packets:


Monitoring critical service ports...
Active FTP connections: 0
Active HTTP connections: 0
Active SSH connections: 0

Sleeping for 30 seconds...
===========================================================

=== Monitoring Iteration 57 at Tue Apr 15 12:25:49 UTC 2025 ===
Checking for connections on unusual ports...
Current established connections:

Connections to unusual ports:

Checking for potential port scan activity...
Top 5 sources of SYN packets:


Monitoring critical service ports...
Active FTP connections: 0
Active HTTP connections: 0
Active SSH connections: 0

Sleeping for 30 seconds...
===========================================================

=== Monitoring Iteration 58 at Tue Apr 15 12:26:19 UTC 2025 ===
Checking for connections on unusual ports...
Current established connections:

Connections to unusual ports:

Checking for potential port scan activity...
Top 5 sources of SYN packets:


Monitoring critical service ports...
Active FTP connections: 0
Active HTTP connections: 0
Active SSH connections: 0

Sleeping for 30 seconds...
===========================================================

=== Monitoring Iteration 59 at Tue Apr 15 12:26:49 UTC 2025 ===
Checking for connections on unusual ports...
Current established connections:

Connections to unusual ports:

Checking for potential port scan activity...
Top 5 sources of SYN packets:


Monitoring critical service ports...
Active FTP connections: 0
Active HTTP connections: 0
Active SSH connections: 0

Sleeping for 30 seconds...
===========================================================

=== Monitoring Iteration 60 at Tue Apr 15 12:27:19 UTC 2025 ===
Checking for connections on unusual ports...
Current established connections:

Connections to unusual ports:

Scanning web-server for open ports...

Open ports on web-server:


Checking for potential port scan activity...
Top 5 sources of SYN packets:


Monitoring critical service ports...
Active FTP connections: 0
Active HTTP connections: 0
Active SSH connections: 0

Sleeping for 30 seconds...
===========================================================

=== Monitoring Iteration 61 at Tue Apr 15 12:27:49 UTC 2025 ===
Checking for connections on unusual ports...
Current established connections:

Connections to unusual ports:

Checking for potential port scan activity...
Top 5 sources of SYN packets:


Monitoring critical service ports...
Active FTP connections: 0
Active HTTP connections: 0
Active SSH connections: 0

Sleeping for 30 seconds...
===========================================================

=== Monitoring Iteration 62 at Tue Apr 15 12:28:19 UTC 2025 ===
Checking for connections on unusual ports...
Current established connections:

Connections to unusual ports:

Checking for potential port scan activity...
Top 5 sources of SYN packets:


Monitoring critical service ports...
Active FTP connections: 0
Active HTTP connections: 0
Active SSH connections: 0

Sleeping for 30 seconds...
===========================================================

=== Monitoring Iteration 63 at Tue Apr 15 12:28:49 UTC 2025 ===
Checking for connections on unusual ports...
Current established connections:

Connections to unusual ports:

Checking for potential port scan activity...
Top 5 sources of SYN packets:


Monitoring critical service ports...
Active FTP connections: 0
Active HTTP connections: 0
Active SSH connections: 0

Sleeping for 30 seconds...
===========================================================

=== Monitoring Iteration 64 at Tue Apr 15 12:29:19 UTC 2025 ===
Checking for connections on unusual ports...
Current established connections:

Connections to unusual ports:

Checking for potential port scan activity...
Top 5 sources of SYN packets:


Monitoring critical service ports...
Active FTP connections: 0
Active HTTP connections: 0
Active SSH connections: 0

Sleeping for 30 seconds...
===========================================================

=== Monitoring Iteration 65 at Tue Apr 15 12:29:49 UTC 2025 ===
Checking for connections on unusual ports...
Current established connections:

Connections to unusual ports:

Scanning web-server for open ports...

Open ports on web-server:


Checking for potential port scan activity...
Top 5 sources of SYN packets:


Monitoring critical service ports...
Active FTP connections: 0
Active HTTP connections: 0
Active SSH connections: 0

Sleeping for 30 seconds...
===========================================================

=== Monitoring Iteration 66 at Tue Apr 15 12:30:19 UTC 2025 ===
Checking for connections on unusual ports...
Current established connections:

Connections to unusual ports:

Checking for potential port scan activity...
Top 5 sources of SYN packets:


Monitoring critical service ports...
Active FTP connections: 0
Active HTTP connections: 0
Active SSH connections: 0

Sleeping for 30 seconds...
===========================================================

=== Monitoring Iteration 67 at Tue Apr 15 12:30:49 UTC 2025 ===
Checking for connections on unusual ports...
Current established connections:

Connections to unusual ports:

Checking for potential port scan activity...
Top 5 sources of SYN packets:


Monitoring critical service ports...
Active FTP connections: 0
Active HTTP connections: 0
Active SSH connections: 0

Sleeping for 30 seconds...
===========================================================

=== Monitoring Iteration 68 at Tue Apr 15 12:31:20 UTC 2025 ===
Checking for connections on unusual ports...
Current established connections:

Connections to unusual ports:

Checking for potential port scan activity...
Top 5 sources of SYN packets:


Monitoring critical service ports...
Active FTP connections: 0
Active HTTP connections: 0
Active SSH connections: 0

Sleeping for 30 seconds...
===========================================================

=== Monitoring Iteration 69 at Tue Apr 15 12:31:50 UTC 2025 ===
Checking for connections on unusual ports...
Current established connections:

Connections to unusual ports:

Checking for potential port scan activity...
Top 5 sources of SYN packets:


Monitoring critical service ports...
Active FTP connections: 0
Active HTTP connections: 0
Active SSH connections: 0

Sleeping for 30 seconds...
===========================================================

=== Monitoring Iteration 70 at Tue Apr 15 12:32:20 UTC 2025 ===
Checking for connections on unusual ports...
Current established connections:

Connections to unusual ports:

Scanning web-server for open ports...

Open ports on web-server:


Checking for potential port scan activity...
Top 5 sources of SYN packets:


Monitoring critical service ports...
Active FTP connections: 0
Active HTTP connections: 0
Active SSH connections: 0

Sleeping for 30 seconds...
===========================================================

=== Monitoring Iteration 71 at Tue Apr 15 12:32:50 UTC 2025 ===
Checking for connections on unusual ports...
Current established connections:

Connections to unusual ports:

Checking for potential port scan activity...
Top 5 sources of SYN packets:


Monitoring critical service ports...
Active FTP connections: 0
Active HTTP connections: 0
Active SSH connections: 0

Sleeping for 30 seconds...
===========================================================

=== Monitoring Iteration 72 at Tue Apr 15 12:33:20 UTC 2025 ===
Checking for connections on unusual ports...
Current established connections:

Connections to unusual ports:

Checking for potential port scan activity...
Top 5 sources of SYN packets:


Monitoring critical service ports...
Active FTP connections: 0
Active HTTP connections: 0
Active SSH connections: 0

Sleeping for 30 seconds...
===========================================================

=== Monitoring Iteration 73 at Tue Apr 15 12:33:50 UTC 2025 ===
Checking for connections on unusual ports...
Current established connections:

Connections to unusual ports:

Checking for potential port scan activity...
Top 5 sources of SYN packets:


Monitoring critical service ports...
Active FTP connections: 0
Active HTTP connections: 0
Active SSH connections: 0

Sleeping for 30 seconds...
===========================================================

=== Monitoring Iteration 74 at Tue Apr 15 12:34:20 UTC 2025 ===
Checking for connections on unusual ports...
Current established connections:

Connections to unusual ports:

Checking for potential port scan activity...
Top 5 sources of SYN packets:


Monitoring critical service ports...
Active FTP connections: 0
Active HTTP connections: 0
Active SSH connections: 0

Sleeping for 30 seconds...
===========================================================

=== Monitoring Iteration 75 at Tue Apr 15 12:34:50 UTC 2025 ===
Checking for connections on unusual ports...
Current established connections:

Connections to unusual ports:

Scanning web-server for open ports...

Open ports on web-server:


Checking for potential port scan activity...
Top 5 sources of SYN packets:


Monitoring critical service ports...
Active FTP connections: 0
Active HTTP connections: 0
Active SSH connections: 0

Sleeping for 30 seconds...
===========================================================

=== Monitoring Iteration 76 at Tue Apr 15 12:35:20 UTC 2025 ===
Checking for connections on unusual ports...
Current established connections:

Connections to unusual ports:

Checking for potential port scan activity...
Top 5 sources of SYN packets:


Monitoring critical service ports...
Active FTP connections: 0
Active HTTP connections: 0
Active SSH connections: 0

Sleeping for 30 seconds...
===========================================================

=== Monitoring Iteration 77 at Tue Apr 15 12:35:50 UTC 2025 ===
Checking for connections on unusual ports...
Current established connections:

Connections to unusual ports:

Checking for potential port scan activity...
Top 5 sources of SYN packets:


Monitoring critical service ports...
Active FTP connections: 0
Active HTTP connections: 0
Active SSH connections: 0

Sleeping for 30 seconds...
===========================================================

=== Monitoring Iteration 78 at Tue Apr 15 12:36:20 UTC 2025 ===
Checking for connections on unusual ports...
Current established connections:

Connections to unusual ports:

Checking for potential port scan activity...
Top 5 sources of SYN packets:


Monitoring critical service ports...
Active FTP connections: 0
Active HTTP connections: 0
Active SSH connections: 0

Sleeping for 30 seconds...
===========================================================

=== Monitoring Iteration 79 at Tue Apr 15 12:36:50 UTC 2025 ===
Checking for connections on unusual ports...
Current established connections:

Connections to unusual ports:

Checking for potential port scan activity...
Top 5 sources of SYN packets:


Monitoring critical service ports...
Active FTP connections: 0
Active HTTP connections: 0
Active SSH connections: 0

Sleeping for 30 seconds...
===========================================================

=== Monitoring Iteration 80 at Tue Apr 15 12:37:20 UTC 2025 ===
Checking for connections on unusual ports...
Current established connections:

Connections to unusual ports:

Scanning web-server for open ports...

Open ports on web-server:


Checking for potential port scan activity...
Top 5 sources of SYN packets:


Monitoring critical service ports...
Active FTP connections: 0
Active HTTP connections: 0
Active SSH connections: 0

Sleeping for 30 seconds...
===========================================================

=== Monitoring Iteration 81 at Tue Apr 15 12:37:50 UTC 2025 ===
Checking for connections on unusual ports...
Current established connections:

Connections to unusual ports:

Checking for potential port scan activity...
Top 5 sources of SYN packets:


Monitoring critical service ports...
Active FTP connections: 0
Active HTTP connections: 0
Active SSH connections: 0

Sleeping for 30 seconds...
===========================================================

=== Monitoring Iteration 82 at Tue Apr 15 12:38:21 UTC 2025 ===
Checking for connections on unusual ports...
Current established connections:

Connections to unusual ports:

Checking for potential port scan activity...
Top 5 sources of SYN packets:


Monitoring critical service ports...
Active FTP connections: 0
Active HTTP connections: 0
Active SSH connections: 0

Sleeping for 30 seconds...
===========================================================

=== Monitoring Iteration 83 at Tue Apr 15 12:38:51 UTC 2025 ===
Checking for connections on unusual ports...
Current established connections:

Connections to unusual ports:

Checking for potential port scan activity...
Top 5 sources of SYN packets:


Monitoring critical service ports...
Active FTP connections: 0
Active HTTP connections: 0
Active SSH connections: 0

Sleeping for 30 seconds...
===========================================================

=== Monitoring Iteration 84 at Tue Apr 15 12:39:21 UTC 2025 ===
Checking for connections on unusual ports...
Current established connections:

Connections to unusual ports:

Checking for potential port scan activity...
Top 5 sources of SYN packets:


Monitoring critical service ports...
Active FTP connections: 0
Active HTTP connections: 0
Active SSH connections: 0

Sleeping for 30 seconds...
===========================================================

=== Monitoring Iteration 85 at Tue Apr 15 12:39:51 UTC 2025 ===
Checking for connections on unusual ports...
Current established connections:

Connections to unusual ports:

Scanning web-server for open ports...

Open ports on web-server:


Checking for potential port scan activity...
Top 5 sources of SYN packets:


Monitoring critical service ports...
Active FTP connections: 0
Active HTTP connections: 0
Active SSH connections: 0

Sleeping for 30 seconds...
===========================================================

=== Monitoring Iteration 86 at Tue Apr 15 12:40:21 UTC 2025 ===
Checking for connections on unusual ports...
Current established connections:

Connections to unusual ports:

Checking for potential port scan activity...
Top 5 sources of SYN packets:


Monitoring critical service ports...
Active FTP connections: 0
Active HTTP connections: 0
Active SSH connections: 0

Sleeping for 30 seconds...
===========================================================

=== Monitoring Iteration 87 at Tue Apr 15 12:40:51 UTC 2025 ===
Checking for connections on unusual ports...
Current established connections:

Connections to unusual ports:

Checking for potential port scan activity...
Top 5 sources of SYN packets:


Monitoring critical service ports...
Active FTP connections: 0
Active HTTP connections: 0
Active SSH connections: 0

Sleeping for 30 seconds...
===========================================================

=== Monitoring Iteration 88 at Tue Apr 15 12:41:21 UTC 2025 ===
Checking for connections on unusual ports...
Current established connections:

Connections to unusual ports:

Checking for potential port scan activity...
Top 5 sources of SYN packets:


Monitoring critical service ports...
Active FTP connections: 0
Active HTTP connections: 0
Active SSH connections: 0

Sleeping for 30 seconds...
===========================================================

=== Monitoring Iteration 89 at Tue Apr 15 12:41:51 UTC 2025 ===
Checking for connections on unusual ports...
Current established connections:

Connections to unusual ports:

Checking for potential port scan activity...
Top 5 sources of SYN packets:


Monitoring critical service ports...
Active FTP connections: 0
Active HTTP connections: 0
Active SSH connections: 0

Sleeping for 30 seconds...
===========================================================

=== Monitoring Iteration 90 at Tue Apr 15 12:42:21 UTC 2025 ===
Checking for connections on unusual ports...
Current established connections:

Connections to unusual ports:

Scanning web-server for open ports...

Open ports on web-server:


Checking for potential port scan activity...
Top 5 sources of SYN packets:


Monitoring critical service ports...
Active FTP connections: 0
Active HTTP connections: 0
Active SSH connections: 0

Sleeping for 30 seconds...
===========================================================

=== Monitoring Iteration 91 at Tue Apr 15 12:42:51 UTC 2025 ===
Checking for connections on unusual ports...
Current established connections:

Connections to unusual ports:

Checking for potential port scan activity...
Top 5 sources of SYN packets:


Monitoring critical service ports...
Active FTP connections: 0
Active HTTP connections: 0
Active SSH connections: 0

Sleeping for 30 seconds...
===========================================================

=== Monitoring Iteration 92 at Tue Apr 15 12:43:21 UTC 2025 ===
Checking for connections on unusual ports...
Current established connections:

Connections to unusual ports:

Checking for potential port scan activity...
Top 5 sources of SYN packets:


Monitoring critical service ports...
Active FTP connections: 0
Active HTTP connections: 0
Active SSH connections: 0

Sleeping for 30 seconds...
===========================================================

=== Monitoring Iteration 93 at Tue Apr 15 12:43:51 UTC 2025 ===
Checking for connections on unusual ports...
Current established connections:

Connections to unusual ports:

Checking for potential port scan activity...
Top 5 sources of SYN packets:


Monitoring critical service ports...
Active FTP connections: 0
Active HTTP connections: 0
Active SSH connections: 0

Sleeping for 30 seconds...
===========================================================

=== Monitoring Iteration 94 at Tue Apr 15 12:44:21 UTC 2025 ===
Checking for connections on unusual ports...
Current established connections:

Connections to unusual ports:

Checking for potential port scan activity...
Top 5 sources of SYN packets:


Monitoring critical service ports...
Active FTP connections: 0
Active HTTP connections: 0
Active SSH connections: 0

Sleeping for 30 seconds...
===========================================================

=== Monitoring Iteration 95 at Tue Apr 15 12:44:52 UTC 2025 ===
Checking for connections on unusual ports...
Current established connections:

Connections to unusual ports:

Scanning web-server for open ports...

Open ports on web-server:


Checking for potential port scan activity...
Top 5 sources of SYN packets:


Monitoring critical service ports...
Active FTP connections: 0
Active HTTP connections: 0
Active SSH connections: 0

Sleeping for 30 seconds...
===========================================================

=== Monitoring Iteration 96 at Tue Apr 15 12:45:22 UTC 2025 ===
Checking for connections on unusual ports...
Current established connections:

Connections to unusual ports:

Checking for potential port scan activity...
Top 5 sources of SYN packets:


Monitoring critical service ports...
Active FTP connections: 0
Active HTTP connections: 0
Active SSH connections: 0

Sleeping for 30 seconds...
===========================================================

=== Monitoring Iteration 97 at Tue Apr 15 12:45:52 UTC 2025 ===
Checking for connections on unusual ports...
Current established connections:

Connections to unusual ports:

Checking for potential port scan activity...
Top 5 sources of SYN packets:


Monitoring critical service ports...
Active FTP connections: 0
Active HTTP connections: 0
Active SSH connections: 0

Sleeping for 30 seconds...
===========================================================

=== Monitoring Iteration 98 at Tue Apr 15 12:46:22 UTC 2025 ===
Checking for connections on unusual ports...
Current established connections:

Connections to unusual ports:

Checking for potential port scan activity...
Top 5 sources of SYN packets:


Monitoring critical service ports...
Active FTP connections: 0
Active HTTP connections: 0
Active SSH connections: 0

Sleeping for 30 seconds...
===========================================================

=== Monitoring Iteration 99 at Tue Apr 15 12:46:52 UTC 2025 ===
Checking for connections on unusual ports...
Current established connections:

Connections to unusual ports:

Checking for potential port scan activity...
Top 5 sources of SYN packets:


Monitoring critical service ports...
Active FTP connections: 0
Active HTTP connections: 0
Active SSH connections: 0

Sleeping for 30 seconds...
===========================================================

=== Monitoring Iteration 100 at Tue Apr 15 12:47:22 UTC 2025 ===
Checking for connections on unusual ports...
Current established connections:

Connections to unusual ports:

Scanning web-server for open ports...

Open ports on web-server:


Checking for potential port scan activity...
Top 5 sources of SYN packets:


Monitoring critical service ports...
Active FTP connections: 0
Active HTTP connections: 0
Active SSH connections: 0

Sleeping for 30 seconds...
===========================================================

=== Monitoring Iteration 101 at Tue Apr 15 12:47:52 UTC 2025 ===
Checking for connections on unusual ports...
Current established connections:

Connections to unusual ports:

Checking for potential port scan activity...
Top 5 sources of SYN packets:


Monitoring critical service ports...
Active FTP connections: 0
Active HTTP connections: 0
Active SSH connections: 0

Sleeping for 30 seconds...
===========================================================

=== Monitoring Iteration 102 at Tue Apr 15 12:48:22 UTC 2025 ===
Checking for connections on unusual ports...
Current established connections:

Connections to unusual ports:

Checking for potential port scan activity...
Top 5 sources of SYN packets:


Monitoring critical service ports...
Active FTP connections: 0
Active HTTP connections: 0
Active SSH connections: 0

Sleeping for 30 seconds...
===========================================================

=== Monitoring Iteration 103 at Tue Apr 15 12:48:52 UTC 2025 ===
Checking for connections on unusual ports...
Current established connections:

Connections to unusual ports:

Checking for potential port scan activity...
Top 5 sources of SYN packets:


Monitoring critical service ports...
Active FTP connections: 0
Active HTTP connections: 0
Active SSH connections: 0

Sleeping for 30 seconds...
===========================================================

=== Monitoring Iteration 104 at Tue Apr 15 12:49:22 UTC 2025 ===
Checking for connections on unusual ports...
Current established connections:

Connections to unusual ports:

Checking for potential port scan activity...
Top 5 sources of SYN packets:


Monitoring critical service ports...
Active FTP connections: 0
Active HTTP connections: 0
Active SSH connections: 0

Sleeping for 30 seconds...
===========================================================

=== Monitoring Iteration 105 at Tue Apr 15 12:49:52 UTC 2025 ===
Checking for connections on unusual ports...
Current established connections:

Connections to unusual ports:

Scanning web-server for open ports...

Open ports on web-server:


Checking for potential port scan activity...
Top 5 sources of SYN packets:


Monitoring critical service ports...
Active FTP connections: 0
Active HTTP connections: 0
Active SSH connections: 0

Sleeping for 30 seconds...
===========================================================
